生成启动时间为 2016/10/22 21:38:05。
     1>项目“D:\LinkedList\LinkedList\LinkedList.vcxproj”在节点 2 上(Build 个目标)。
     1>ClCompile:
         E:\Microsoft Visual Studio 12.0\VC\bin\CL.exe /c /ZI /nologo /W3 /WX- /sdl /Od /Oy- /D WIN32 /D _DEBUG /D _CONSOLE /D _LIB /D _UNICODE /D UNICODE /Gm /EHsc /RTC1 /MDd /GS /fp:precise /Zc:wchar_t /Zc:forScope /Fo"Debug\\" /Fd"Debug\vc120.pdb" /Gd /TC /analyze- /errorReport:prompt LinkedList.c
         LinkedList.c
     1>d:\linkedlist\linkedlist\linkedlist.c(70): warning C4098: “LinkedList_Print”:“void”函数返回值
     1>d:\linkedlist\linkedlist\linkedlist.c(77): warning C4013: “printf”未定义；假设外部返回 int
     1>d:\linkedlist\linkedlist\linkedlist.c(86): warning C4047: “return”:“Iterator *”与“int”的间接级别不同
     1>d:\linkedlist\linkedlist\linkedlist.c(93): warning C4018: “>”: 有符号/无符号不匹配
     1>d:\linkedlist\linkedlist\linkedlist.c(97): warning C4018: “<=”: 有符号/无符号不匹配
     1>d:\linkedlist\linkedlist\linkedlist.c(102): warning C4047: “return”:“Iterator *”与“Node *”的间接级别不同
     1>d:\linkedlist\linkedlist\linkedlist.c(113): warning C4047: “return”:“Iterator *”与“int”的间接级别不同
     1>d:\linkedlist\linkedlist\linkedlist.c(145): warning C4047: “return”:“Iterator *”与“Node *”的间接级别不同
     1>d:\linkedlist\linkedlist\linkedlist.c(153): warning C4047: “return”:“Iterator *”与“int”的间接级别不同
     1>d:\linkedlist\linkedlist\linkedlist.c(158): warning C4047: “return”:“Iterator *”与“int”的间接级别不同
     1>d:\linkedlist\linkedlist\linkedlist.c(176): warning C4047: “return”:“Iterator *”与“Node *”的间接级别不同
       Link:
         E:\Microsoft Visual Studio 12.0\VC\bin\link.exe /ERRORREPORT:PROMPT /OUT:"D:\LinkedList\Debug\LinkedList.exe" /INCREMENTAL /NOLOGO kernel32.lib user32.lib gdi32.lib winspool.lib comdlg32.lib advapi32.lib shell32.lib ole32.lib oleaut32.lib uuid.lib odbc32.lib odbccp32.lib /MANIFEST /MANIFESTUAC:"level='asInvoker' uiAccess='false'" /manifest:embed /DEBUG /PDB:"D:\LinkedList\Debug\LinkedList.pdb" /SUBSYSTEM:CONSOLE /TLBID:1 /DYNAMICBASE /NXCOMPAT /IMPLIB:"D:\LinkedList\Debug\LinkedList.lib" /MACHINE:X86 Debug\LinkedList.obj
         Debug\main.obj
         LinkedList.vcxproj -> D:\LinkedList\Debug\LinkedList.exe
     1>已完成生成项目“D:\LinkedList\LinkedList\LinkedList.vcxproj”(Build 个目标)的操作。

生成成功。

已用时间 00:00:00.52
